{"name": "test_signup_user", "status": "broken", "statusDetails": {"message": "selenium.common.exceptions.NoSuchElementException: Message: no such element: Unable to locate element: {\"method\":\"css selector\",\"selector\":\"[name=\"email\"]\"}\n  (Session info: chrome=135.0.7049.42)\nStacktrace:\n\tGetHandleVerifier [0x00007FF728C41F55+78133]\n\tGetHandleVerifier [0x00007FF728C41FB0+78224]\n\t(No symbol) [0x00007FF728A091BA]\n\t(No symbol) [0x00007FF728A5F19D]\n\t(No symbol) [0x00007FF728A5F44C]\n\t(No symbol) [0x00007FF728AB23D7]\n\t(No symbol) [0x00007FF728A8719F]\n\t(No symbol) [0x00007FF728AAF21F]\n\t(No symbol) [0x00007FF728A86F33]\n\t(No symbol) [0x00007FF728A50358]\n\t(No symbol) [0x00007FF728A510C3]\n\tGetHandleVerifier [0x00007FF728F0BA8D+3001453]\n\tGetHandleVerifier [0x00007FF728F05E72+2977874]\n\tGetHandleVerifier [0x00007FF728F2497D+3103581]\n\tGetHandleVerifier [0x00007FF728C5C7EA+186826]\n\tGetHandleVerifier [0x00007FF728C643FF+218591]\n\tGetHandleVerifier [0x00007FF728C49D94+110452]\n\tGetHandleVerifier [0x00007FF728C49F42+110882]\n\tGetHandleVerifier [0x00007FF728C30379+5465]\n\tBaseThreadInitThunk [0x00007FFEBBC57374+20]\n\tRtlUserThreadStart [0x00007FFEBD75CC91+33]", "trace": "browser = <selenium.webdriver.chrome.webdriver.WebDriver (session=\"ec2d0279a5e5705f14098bdf60aa694c\")>\n\n    @allure.feature(\"UI - Cadastro\")\n    @allure.story(\"Cadastro de novo usuário\")\n    @allure.severity(allure.severity_level.NORMAL)\n    @pytest.mark.ui\n    def test_signup_user(browser):\n        browser.get(\"https://the-internet.herokuapp.com/login\")\n    \n        with allure.step(\"Preencher formulário de cadastro\"):\n            browser.find_element(By.NAME, \"username\").send_keys(\"Usuário Teste\")\n>           browser.find_element(By.NAME, \"email\").send_keys(\"usuario@teste.com\")\n\ntests\\ui\\test_signup_ui.py:14: \n_ _ _ _ _ _ _ _ _ _ _ _ _ _ _ _ _ _ _ _ _ _ _ _ _ _ _ _ _ _ _ _ _ _ _ _ _ _ _ _ _ _ _ _ _ _ _ _ _ _ _ \n..\\..\\AppData\\Roaming\\Python\\Python312\\site-packages\\selenium\\webdriver\\remote\\webdriver.py:861: in find_element\n    return self.execute(Command.FIND_ELEMENT, {\"using\": by, \"value\": value})[\"value\"]\n..\\..\\AppData\\Roaming\\Python\\Python312\\site-packages\\selenium\\webdriver\\remote\\webdriver.py:444: in execute\n    self.error_handler.check_response(response)\n_ _ _ _ _ _ _ _ _ _ _ _ _ _ _ _ _ _ _ _ _ _ _ _ _ _ _ _ _ _ _ _ _ _ _ _ _ _ _ _ _ _ _ _ _ _ _ _ _ _ _ \n\nself = <selenium.webdriver.remote.errorhandler.ErrorHandler object at 0x0000019FE36D8230>\nresponse = {'status': 404, 'value': '{\"value\":{\"error\":\"no such element\",\"message\":\"no such element: Unable to locate element: {\\...28C30379+5465]\\\\n\\\\tBaseThreadInitThunk [0x00007FFEBBC57374+20]\\\\n\\\\tRtlUserThreadStart [0x00007FFEBD75CC91+33]\\\\n\"}}'}\n\n    def check_response(self, response: Dict[str, Any]) -> None:\n        \"\"\"\n        Checks that a JSON response from the WebDriver does not have an error.\n    \n        :Args:\n         - response - The JSON response from the WebDriver server as a dictionary\n           object.\n    \n        :Raises: If the response contains an error message.\n        \"\"\"\n        status = response.get(\"status\", None)\n        if not status or status == ErrorCode.SUCCESS:\n            return\n        value = None\n        message = response.get(\"message\", \"\")\n        screen: str = response.get(\"screen\", \"\")\n        stacktrace = None\n        if isinstance(status, int):\n            value_json = response.get(\"value\", None)\n            if value_json and isinstance(value_json, str):\n                import json\n    \n                try:\n                    value = json.loads(value_json)\n                    if len(value.keys()) == 1:\n                        value = value[\"value\"]\n                    status = value.get(\"error\", None)\n                    if not status:\n                        status = value.get(\"status\", ErrorCode.UNKNOWN_ERROR)\n                        message = value.get(\"value\") or value.get(\"message\")\n                        if not isinstance(message, str):\n                            value = message\n                            message = message.get(\"message\")\n                    else:\n                        message = value.get(\"message\", None)\n                except ValueError:\n                    pass\n    \n        exception_class: Type[WebDriverException]\n        if status in ErrorCode.NO_SUCH_ELEMENT:\n            exception_class = NoSuchElementException\n        elif status in ErrorCode.NO_SUCH_FRAME:\n            exception_class = NoSuchFrameException\n        elif status in ErrorCode.NO_SUCH_SHADOW_ROOT:\n            exception_class = NoSuchShadowRootException\n        elif status in ErrorCode.NO_SUCH_WINDOW:\n            exception_class = NoSuchWindowException\n        elif status in ErrorCode.STALE_ELEMENT_REFERENCE:\n            exception_class = StaleElementReferenceException\n        elif status in ErrorCode.ELEMENT_NOT_VISIBLE:\n            exception_class = ElementNotVisibleException\n        elif status in ErrorCode.INVALID_ELEMENT_STATE:\n            exception_class = InvalidElementStateException\n        elif (\n            status in ErrorCode.INVALID_SELECTOR\n            or status in ErrorCode.INVALID_XPATH_SELECTOR\n            or status in ErrorCode.INVALID_XPATH_SELECTOR_RETURN_TYPER\n        ):\n            exception_class = InvalidSelectorException\n        elif status in ErrorCode.ELEMENT_IS_NOT_SELECTABLE:\n            exception_class = ElementNotSelectableException\n        elif status in ErrorCode.ELEMENT_NOT_INTERACTABLE:\n            exception_class = ElementNotInteractableException\n        elif status in ErrorCode.INVALID_COOKIE_DOMAIN:\n            exception_class = InvalidCookieDomainException\n        elif status in ErrorCode.UNABLE_TO_SET_COOKIE:\n            exception_class = UnableToSetCookieException\n        elif status in ErrorCode.TIMEOUT:\n            exception_class = TimeoutException\n        elif status in ErrorCode.SCRIPT_TIMEOUT:\n            exception_class = TimeoutException\n        elif status in ErrorCode.UNKNOWN_ERROR:\n            exception_class = WebDriverException\n        elif status in ErrorCode.UNEXPECTED_ALERT_OPEN:\n            exception_class = UnexpectedAlertPresentException\n        elif status in ErrorCode.NO_ALERT_OPEN:\n            exception_class = NoAlertPresentException\n        elif status in ErrorCode.IME_NOT_AVAILABLE:\n            exception_class = ImeNotAvailableException\n        elif status in ErrorCode.IME_ENGINE_ACTIVATION_FAILED:\n            exception_class = ImeActivationFailedException\n        elif status in ErrorCode.MOVE_TARGET_OUT_OF_BOUNDS:\n            exception_class = MoveTargetOutOfBoundsException\n        elif status in ErrorCode.JAVASCRIPT_ERROR:\n            exception_class = JavascriptException\n        elif status in ErrorCode.SESSION_NOT_CREATED:\n            exception_class = SessionNotCreatedException\n        elif status in ErrorCode.INVALID_ARGUMENT:\n            exception_class = InvalidArgumentException\n        elif status in ErrorCode.NO_SUCH_COOKIE:\n            exception_class = NoSuchCookieException\n        elif status in ErrorCode.UNABLE_TO_CAPTURE_SCREEN:\n            exception_class = ScreenshotException\n        elif status in ErrorCode.ELEMENT_CLICK_INTERCEPTED:\n            exception_class = ElementClickInterceptedException\n        elif status in ErrorCode.INSECURE_CERTIFICATE:\n            exception_class = InsecureCertificateException\n        elif status in ErrorCode.INVALID_COORDINATES:\n            exception_class = InvalidCoordinatesException\n        elif status in ErrorCode.INVALID_SESSION_ID:\n            exception_class = InvalidSessionIdException\n        elif status in ErrorCode.UNKNOWN_METHOD:\n            exception_class = UnknownMethodException\n        else:\n            exception_class = WebDriverException\n        if not value:\n            value = response[\"value\"]\n        if isinstance(value, str):\n            raise exception_class(value)\n        if message == \"\" and \"message\" in value:\n            message = value[\"message\"]\n    \n        screen = None  # type: ignore[assignment]\n        if \"screen\" in value:\n            screen = value[\"screen\"]\n    \n        stacktrace = None\n        st_value = value.get(\"stackTrace\") or value.get(\"stacktrace\")\n        if st_value:\n            if isinstance(st_value, str):\n                stacktrace = st_value.split(\"\\n\")\n            else:\n                stacktrace = []\n                try:\n                    for frame in st_value:\n                        line = frame.get(\"lineNumber\", \"\")\n                        file = frame.get(\"fileName\", \"<anonymous>\")\n                        if line:\n                            file = f\"{file}:{line}\"\n                        meth = frame.get(\"methodName\", \"<anonymous>\")\n                        if \"className\" in frame:\n                            meth = \"{}.{}\".format(frame[\"className\"], meth)\n                        msg = \"    at %s (%s)\"\n                        msg = msg % (meth, file)\n                        stacktrace.append(msg)\n                except TypeError:\n                    pass\n        if exception_class == UnexpectedAlertPresentException:\n            alert_text = None\n            if \"data\" in value:\n                alert_text = value[\"data\"].get(\"text\")\n            elif \"alert\" in value:\n                alert_text = value[\"alert\"].get(\"text\")\n            raise exception_class(message, screen, stacktrace, alert_text)  # type: ignore[call-arg]  # mypy is not smart enough here\n>       raise exception_class(message, screen, stacktrace)\nE       selenium.common.exceptions.NoSuchElementException: Message: no such element: Unable to locate element: {\"method\":\"css selector\",\"selector\":\"[name=\"email\"]\"}\nE         (Session info: chrome=135.0.7049.42)\nE       Stacktrace:\nE       \tGetHandleVerifier [0x00007FF728C41F55+78133]\nE       \tGetHandleVerifier [0x00007FF728C41FB0+78224]\nE       \t(No symbol) [0x00007FF728A091BA]\nE       \t(No symbol) [0x00007FF728A5F19D]\nE       \t(No symbol) [0x00007FF728A5F44C]\nE       \t(No symbol) [0x00007FF728AB23D7]\nE       \t(No symbol) [0x00007FF728A8719F]\nE       \t(No symbol) [0x00007FF728AAF21F]\nE       \t(No symbol) [0x00007FF728A86F33]\nE       \t(No symbol) [0x00007FF728A50358]\nE       \t(No symbol) [0x00007FF728A510C3]\nE       \tGetHandleVerifier [0x00007FF728F0BA8D+3001453]\nE       \tGetHandleVerifier [0x00007FF728F05E72+2977874]\nE       \tGetHandleVerifier [0x00007FF728F2497D+3103581]\nE       \tGetHandleVerifier [0x00007FF728C5C7EA+186826]\nE       \tGetHandleVerifier [0x00007FF728C643FF+218591]\nE       \tGetHandleVerifier [0x00007FF728C49D94+110452]\nE       \tGetHandleVerifier [0x00007FF728C49F42+110882]\nE       \tGetHandleVerifier [0x00007FF728C30379+5465]\nE       \tBaseThreadInitThunk [0x00007FFEBBC57374+20]\nE       \tRtlUserThreadStart [0x00007FFEBD75CC91+33]\n\n..\\..\\AppData\\Roaming\\Python\\Python312\\site-packages\\selenium\\webdriver\\remote\\errorhandler.py:249: NoSuchElementException"}, "steps": [{"name": "Preencher formulário de cadastro", "status": "broken", "statusDetails": {"message": "selenium.common.exceptions.NoSuchElementException: Message: no such element: Unable to locate element: {\"method\":\"css selector\",\"selector\":\"[name=\"email\"]\"}\n  (Session info: chrome=135.0.7049.42)\nStacktrace:\n\tGetHandleVerifier [0x00007FF728C41F55+78133]\n\tGetHandleVerifier [0x00007FF728C41FB0+78224]\n\t(No symbol) [0x00007FF728A091BA]\n\t(No symbol) [0x00007FF728A5F19D]\n\t(No symbol) [0x00007FF728A5F44C]\n\t(No symbol) [0x00007FF728AB23D7]\n\t(No symbol) [0x00007FF728A8719F]\n\t(No symbol) [0x00007FF728AAF21F]\n\t(No symbol) [0x00007FF728A86F33]\n\t(No symbol) [0x00007FF728A50358]\n\t(No symbol) [0x00007FF728A510C3]\n\tGetHandleVerifier [0x00007FF728F0BA8D+3001453]\n\tGetHandleVerifier [0x00007FF728F05E72+2977874]\n\tGetHandleVerifier [0x00007FF728F2497D+3103581]\n\tGetHandleVerifier [0x00007FF728C5C7EA+186826]\n\tGetHandleVerifier [0x00007FF728C643FF+218591]\n\tGetHandleVerifier [0x00007FF728C49D94+110452]\n\tGetHandleVerifier [0x00007FF728C49F42+110882]\n\tGetHandleVerifier [0x00007FF728C30379+5465]\n\tBaseThreadInitThunk [0x00007FFEBBC57374+20]\n\tRtlUserThreadStart [0x00007FFEBD75CC91+33]\n\n", "trace": "  File \"C:\\Users\\Paulo\\Desktop\\qa-governance-platform\\tests\\ui\\test_signup_ui.py\", line 14, in test_signup_user\n    browser.find_element(By.NAME, \"email\").send_keys(\"usuario@teste.com\")\n    ^^^^^^^^^^^^^^^^^^^^^^^^^^^^^^^^^^^^^^\n  File \"C:\\Users\\Paulo\\AppData\\Roaming\\Python\\Python312\\site-packages\\selenium\\webdriver\\remote\\webdriver.py\", line 861, in find_element\n    return self.execute(Command.FIND_ELEMENT, {\"using\": by, \"value\": value})[\"value\"]\n           ^^^^^^^^^^^^^^^^^^^^^^^^^^^^^^^^^^^^^^^^^^^^^^^^^^^^^^^^^^^^^^^^^\n  File \"C:\\Users\\Paulo\\AppData\\Roaming\\Python\\Python312\\site-packages\\selenium\\webdriver\\remote\\webdriver.py\", line 444, in execute\n    self.error_handler.check_response(response)\n  File \"C:\\Users\\Paulo\\AppData\\Roaming\\Python\\Python312\\site-packages\\selenium\\webdriver\\remote\\errorhandler.py\", line 249, in check_response\n    raise exception_class(message, screen, stacktrace)\n"}, "start": 1743720528568, "stop": 1743720528661}], "start": 1743720522154, "stop": 1743720528662, "uuid": "c07b28e1-e452-4dfb-a08d-0226b2f79e64", "historyId": "8f8090d350099a66f03da09e34252ad7", "testCaseId": "8f8090d350099a66f03da09e34252ad7", "fullName": "tests.ui.test_signup_ui#test_signup_user", "labels": [{"name": "story", "value": "Cadastro de novo usuário"}, {"name": "severity", "value": "normal"}, {"name": "feature", "value": "UI - Cadastro"}, {"name": "tag", "value": "ui"}, {"name": "parentSuite", "value": "tests.ui"}, {"name": "suite", "value": "test_signup_ui"}, {"name": "host", "value": "DESKTOP-PNJ4D9I"}, {"name": "thread", "value": "11428-MainThread"}, {"name": "framework", "value": "pytest"}, {"name": "language", "value": "cpython3"}, {"name": "package", "value": "tests.ui.test_signup_ui"}]}